Errors (12):
F:\actions-runner\_work\FinalState\FinalState\Code\Simulare\Rule5.c:228:1: error: Unmatched '}'. Configuration: ''. [syntaxError]
F:\actions-runner\_work\FinalState\FinalState\Code\Simulare\Rule5.c:228:1: error: Unmatched '}'. Configuration: 'Rule_5_1'. [syntaxError]
F:\actions-runner\_work\FinalState\FinalState\Code\Simulare\Rule5.c:228:1: error: Unmatched '}'. Configuration: 'Rule_5_1_1'. [syntaxError]
F:\actions-runner\_work\FinalState\FinalState\Code\Simulare\Rule5.c:228:1: error: Unmatched '}'. Configuration: 'Rule_5_2'. [syntaxError]
F:\actions-runner\_work\FinalState\FinalState\Code\Simulare\Rule5.c:228:1: error: Unmatched '}'. Configuration: 'Rule_5_2_2'. [syntaxError]
F:\actions-runner\_work\FinalState\FinalState\Code\Simulare\Rule5.c:228:1: error: Unmatched '}'. Configuration: 'Rule_5_3'. [syntaxError]
F:\actions-runner\_work\FinalState\FinalState\Code\Simulare\Rule5.c:228:1: error: Unmatched '}'. Configuration: 'Rule_5_3_1'. [syntaxError]
F:\actions-runner\_work\FinalState\FinalState\Code\Simulare\Rule5.c:228:1: error: Unmatched '}'. Configuration: 'Rule_5_3_2'. [syntaxError]
F:\actions-runner\_work\FinalState\FinalState\Code\Simulare\Rule5.c:228:1: error: Unmatched '}'. Configuration: 'Rule_5_4'. [syntaxError]
F:\actions-runner\_work\FinalState\FinalState\Code\Simulare\Rule5.c:228:1: error: Unmatched '}'. Configuration: 'Rule_5_4_1'. [syntaxError]
F:\actions-runner\_work\FinalState\FinalState\Code\Simulare\Rule5.c:228:1: error: Unmatched '}'. Configuration: 'Rule_5_5'. [syntaxError]
F:\actions-runner\_work\FinalState\FinalState\Code\Simulare\Rule5.c:228:1: error: Unmatched '}'. Configuration: 'Rule_5_6_1'. [syntaxError]

Warnings (0):

Information (6):
F:\actions-runner\_work\FinalState\FinalState\Code\Simulare\main.c:1:0: information: Include file: <stdint.h> not found. Please note: Cppcheck does not need standard library headers to get proper results. [missingIncludeSystem]
F:\actions-runner\_work\FinalState\FinalState\Code\Simulare\Rule5.c:0:0: information: Too many #ifdef configurations - cppcheck only checks 12 of 14 configurations. Use --force to check all configurations. [toomanyconfigs]
F:\actions-runner\_work\FinalState\FinalState\Code\Simulare\Rule5.c:1:0: information: Include file: <stdint.h> not found. Please note: Cppcheck does not need standard library headers to get proper results. [missingIncludeSystem]
F:\actions-runner\_work\FinalState\FinalState\Code\Simulare\Rule6.c:1:0: information: Include file: <stdint.h> not found. Please note: Cppcheck does not need standard library headers to get proper results. [missingIncludeSystem]
F:\actions-runner\_work\FinalState\FinalState\Code\Simulare\Rule7.c:1:0: information: Include file: <stdint.h> not found. Please note: Cppcheck does not need standard library headers to get proper results. [missingIncludeSystem]
nofile:0:0: information: Active checkers: There was critical errors (use --checkers-report=<filename> to see details) [checkersReport]

Style (12):
F:\actions-runner\_work\FinalState\FinalState\Code\Simulare\Rule6.c:15:6: style: Unused variable: t [unusedVariable]
F:\actions-runner\_work\FinalState\FinalState\Code\Simulare\Rule6.c:21:10: style: struct member 's::a' is never used. [unusedStructMember]
F:\actions-runner\_work\FinalState\FinalState\Code\Simulare\Rule6.c:22:17: style: struct member 's::b' is never used. [unusedStructMember]
F:\actions-runner\_work\FinalState\FinalState\Code\Simulare\Rule6.c:23:16: style: struct member 's::c' is never used. [unusedStructMember]
F:\actions-runner\_work\FinalState\FinalState\Code\Simulare\Rule6.c:24:12: style: struct member 's::d' is never used. [unusedStructMember]
F:\actions-runner\_work\FinalState\FinalState\Code\Simulare\Rule6.c:25:11: style: struct member 's::e' is never used. [unusedStructMember]
F:\actions-runner\_work\FinalState\FinalState\Code\Simulare\Rule6.c:26:4: style: Unused variable: bitfield1_t [unusedVariable]
F:\actions-runner\_work\FinalState\FinalState\Code\Simulare\Rule6.c:31:16: style: struct member 's::a' is never used. [unusedStructMember]
F:\actions-runner\_work\FinalState\FinalState\Code\Simulare\Rule6.c:32:16: style: struct member 's::b' is never used. [unusedStructMember]
F:\actions-runner\_work\FinalState\FinalState\Code\Simulare\Rule6.c:33:17: style: struct member 's::c' is never used. [unusedStructMember]
F:\actions-runner\_work\FinalState\FinalState\Code\Simulare\Rule6.c:34:4: style: Unused variable: bitfield2_t [unusedVariable]
F:\actions-runner\_work\FinalState\FinalState\Code\Simulare\Rule7.c:7:16: style: Variable 'octal' is assigned a value that is never used. [unreadVariable]

Notes (0):
